2016-10-29 15:24:12 [-][-][-][error][yii\base\ErrorException:32] exception 'yii\base\ErrorException' with message 'PHP Startup: Unable to load dynamic library 'F:\web\php55\ext\php_igbinary.dll' - 找不到指定的模块。
' in Unknown:0
Stack trace:
#0 [internal function]: yii\base\ErrorHandler->handleFatalError()
#1 {main}
2016-10-29 15:24:12 [-][-][-][info][application] $_SERVER = [
    'ALLUSERSPROFILE' => 'C:\\ProgramData'
    'APPDATA' => 'C:\\Users\\Administrator\\AppData\\Roaming'
    'CommonProgramFiles' => 'C:\\Program Files (x86)\\Common Files'
    'CommonProgramFiles(x86)' => 'C:\\Program Files (x86)\\Common Files'
    'CommonProgramW6432' => 'C:\\Program Files\\Common Files'
    'COMPUTERNAME' => 'PC201606161731'
    'ComSpec' => 'C:\\Windows\\system32\\cmd.exe'
    'DEVMGR_SHOW_DETAILS' => '1'
    'FP_NO_HOST_CHECK' => 'NO'
    'HOMEDRIVE' => 'C:'
    'HOMEPATH' => '\\Users\\Administrator'
    'LOCALAPPDATA' => 'C:\\Users\\Administrator\\AppData\\Local'
    'LOGONSERVER' => '\\\\PC201606161731'
    'NUMBER_OF_PROCESSORS' => '4'
    'OS' => 'Windows_NT'
    'Path' => 'C:\\Windows\\system32;C:\\Windows;C:\\Windows\\System32\\Wbem;C:\\Windows\\System32\\WindowsPowerShell\\v1.0\\;C:\\Program Files (x86)\\ATI Technologies\\ATI.ACE\\Core-Static;C:\\Program Files\\TortoiseSVN\\bin;E:\\qampp\\Data_lib\\perl\\bin;E:\\qampp\\apache\\bin;E:\\qampp\\php;E:\\qampp\\svnserver\\Subversion\\bin;E:\\qampp\\mysql\\bin;C:\\web\\Data_lib\\perl\\bin;C:\\web\\apache\\bin;C:\\web\\php;C:\\web\\svnserver\\Subversion\\bin;C:\\web\\mysql\\bin;F:\\web\\php55;C:\\ProgramData\\ComposerSetup\\bin;C:\\Users\\Administrator\\AppData\\Roaming\\Composer\\vendor\\bin'
    'PATHEXT' => '.COM;.EXE;.BAT;.CMD;.VBS;.VBE;.JS;.JSE;.WSF;.WSH;.MSC'
    'PHP_COMMAND' => 'php.exe'
    'PROCESSOR_ARCHITECTURE' => 'x86'
    'PROCESSOR_ARCHITEW6432' => 'AMD64'
    'PROCESSOR_IDENTIFIER' => 'Intel64 Family 6 Model 69 Stepping 1, GenuineIntel'
    'PROCESSOR_LEVEL' => '6'
    'PROCESSOR_REVISION' => '4501'
    'ProgramData' => 'C:\\ProgramData'
    'ProgramFiles' => 'C:\\Program Files (x86)'
    'ProgramFiles(x86)' => 'C:\\Program Files (x86)'
    'ProgramW6432' => 'C:\\Program Files'
    'PROMPT' => '$P$G'
    'PSModulePath' => 'C:\\Windows\\system32\\WindowsPowerShell\\v1.0\\Modules\\'
    'PUBLIC' => 'C:\\Users\\Public'
    'SESSIONNAME' => 'Console'
    'SystemDrive' => 'C:'
    'SystemRoot' => 'C:\\Windows'
    'TEMP' => 'C:\\Users\\ADMINI~1\\AppData\\Local\\Temp'
    'TMP' => 'C:\\Users\\ADMINI~1\\AppData\\Local\\Temp'
    'USERDOMAIN' => 'PC201606161731'
    'USERNAME' => 'Administrator'
    'USERPROFILE' => 'C:\\Users\\Administrator'
    'windir' => 'C:\\Windows'
    'windows_tracing_flags' => '3'
    'windows_tracing_logfile' => 'C:\\BVTBin\\Tests\\installpackage\\csilogfile.log'
    'YII_PATH' => 'E:\\学习资料\\9个月\\advanced\\'
    'PHP_SELF' => 'E:\\学习资料\\9个月\\advanced\\yii'
    'SCRIPT_NAME' => 'E:\\学习资料\\9个月\\advanced\\yii'
    'SCRIPT_FILENAME' => 'E:\\学习资料\\9个月\\advanced\\yii'
    'PATH_TRANSLATED' => 'E:\\学习资料\\9个月\\advanced\\yii'
    'DOCUMENT_ROOT' => ''
    'REQUEST_TIME_FLOAT' => 1477725852.0167
    'REQUEST_TIME' => 1477725852
    'argv' => [
        0 => 'E:\\学习资料\\9个月\\advanced\\yii'
    ]
    'argc' => 1
]
